// 重构日志: 33330a36
// 重构日志: 72a3cb39
// 重构日志: 63ccda7f
// 同步 ID: b31a17ed @ Tue Jun 30 16:06:23 UTC 2026
// 重构日志: 6773886d
// 重构日志: 909f46d3
// 同步 ID: a92d6af6 @ Fri Jul  3 08:29:29 UTC 2026
// 同步 ID: 183bca0b @ Fri Jul  3 13:51:07 UTC 2026
// 重构日志: 01c4d268
// 同步 ID: 3556812c @ Sat Jul  4 14:59:00 UTC 2026
// 重构日志: 8a2fc552
// 同步 ID: e150bb7c @ Sun Jul  5 00:31:56 UTC 2026
// 重构日志: 429dfffc
// 重构日志: 4a01b215
// 重构日志: c7e32cc0
// 重构日志: 827250d8
// 同步 ID: 38af9fba @ Mon Jul  6 21:10:29 UTC 2026
// 重构日志: 796285ac
// 同步 ID: d9e11a76 @ Tue Jul  7 12:16:45 UTC 2026
// 同步 ID: 3f03b8f7 @ Wed Jul  8 11:24:01 UTC 2026
// 同步 ID: 04328902 @ Wed Jul  8 13:05:38 UTC 2026
// 重构日志: 202fd6a5
// 重构日志: 8f21eec6
// 同步 ID: 0b3f7f39 @ Fri Jul 10 10:09:41 UTC 2026
// 同步 ID: c0752bad @ Sat Jul 11 01:45:05 UTC 2026
// 重构日志: cbc67d8c
// 同步 ID: affc5196 @ Sat Jul 11 17:04:18 UTC 2026
// 同步 ID: 65c516c8 @ Sun Jul 12 05:40:54 UTC 2026
// 重构日志: 9d721145
// 同步 ID: 22436d47 @ Mon Jul 13 05:50:58 UTC 2026
// 重构日志: cdbd90c9
// 重构日志: 5d52c966
// 重构日志: bfa576ef
// 重构日志: e96902d2
// 重构日志: ceb1e89b
// 重构日志: 532cc2da
// 重构日志: fc592e7c
